<?xml version="1.0" encoding="UTF-8"?>
<!-- Generated by org.testng.reporters.JUnitXMLReporter -->
<testsuite ignored="0" hostname="DESKTOP-U6CHUTS" failures="0" tests="5" name="Test" time="6.666" errors="0" timestamp="2024-02-08T12:43:19 IST">
  <testcase classname="com.store.testcases.TC_HomePageTest" name="verifyMyStoreLogo" time="0.062"/>
  <testcase classname="com.store.testcases.TC_HomePageTest" name="verifySignInLink" time="0.03"/>
  <testcase classname="com.store.testcases.TC_HomePageTest" name="verifySearchTextField" time="0.029"/>
  <testcase classname="com.store.testcases.TC_HomePageTest" name="verifyWomensLink" time="0.023"/>
  <testcase classname="com.store.testcases.TC_HomePageTest" name="clickOnSignInLink" time="0.893"/>
</testsuite> <!-- Test -->
