<?xml version="1.0" encoding="UTF-8"?>
<!-- Generated by org.testng.reporters.JUnitXMLReporter -->
<testsuite ignored="4" hostname="DESKTOP-U6CHUTS" failures="0" tests="11" name="Test" time="7.327" errors="0" timestamp="2024-02-08T20:52:24 IST">
  <testcase classname="com.store.testcases.TC_HomePageTest" name="verifyMyStoreLogo" time="0.06"/>
  <testcase classname="com.store.testcases.TC_HomePageTest" name="verifySignInLink" time="0.024"/>
  <testcase classname="com.store.testcases.TC_HomePageTest" name="verifySearchTextField" time="0.018"/>
  <testcase classname="com.store.testcases.TC_HomePageTest" name="verifyWomensLink" time="0.019"/>
  <testcase classname="com.store.testcases.TC_HomePageTest" name="clickOnSignInLink" time="1.046"/>
  <testcase classname="com.store.testcases.TC_LoginPageTest" name="verifyLoginWithValidCredentials" time="2.175"/>
  <testcase classname="com.store.testcases.TC_MyAccountPageTest" name="verifyWomenLink" time="2.189"/>
  <testcase classname="com.store.testcases.TC_WomenPageTest" name="verifyWomenPageTitle" time="0.006"/>
  <testcase classname="com.store.testcases.TC_WomenPageTest" name="verifyFadedShortSleeveTShirt" time="0.026"/>
  <testcase classname="com.store.testcases.TC_WomenPageTest" name="clickOnFadedShortSleeveTShirt" time="1.499"/>
  <testcase classname="com.store.testcases.TC_FadedShortSleeveProductPageTest" name="getPageTitle" time="0.021"/>
  <testcase classname="com.store.testcases.BaseClass" name="@BeforeSuite setup" time="0.0">
    <ignored/>
  </testcase> <!-- @BeforeSuite setup -->
  <testcase classname="com.store.testcases.BaseClass" name="@BeforeSuite setup" time="0.0">
    <ignored/>
  </testcase> <!-- @BeforeSuite setup -->
  <testcase classname="com.store.testcases.BaseClass" name="@BeforeSuite setup" time="0.0">
    <ignored/>
  </testcase> <!-- @BeforeSuite setup -->
  <testcase classname="com.store.testcases.BaseClass" name="@BeforeSuite setup" time="0.0">
    <ignored/>
  </testcase> <!-- @BeforeSuite setup -->
</testsuite> <!-- Test -->
