<?xml version="1.0" encoding="UTF-8"?>
<testng-results ignored="0" total="11" passed="11" failed="0" skipped="0">
  <reporter-output>
  </reporter-output>
  <suite started-at="2024-02-08T20:52:16 IST" name="Suite" finished-at="2024-02-08T20:52:24 IST" duration-ms="7327">
    <groups>
    </groups>
    <test started-at="2024-02-08T20:52:16 IST" name="Test" finished-at="2024-02-08T20:52:24 IST" duration-ms="7327">
      <class name="com.store.testcases.TC_HomePageTest">
        <test-method is-config="true" signature="setup()[pri:0, instance:com.store.testcases.TC_HomePageTest@7e6f74c]" started-at="2024-02-08T20:52:07 IST" name="setup" finished-at="2024-02-08T20:52:16 IST" duration-ms="8874" status="PASS">
          <reporter-output>
          </reporter-output>
        </test-method> <!-- setup -->
        <test-method signature="verifyMyStoreLogo()[pri:0, instance:com.store.testcases.TC_HomePageTest@7e6f74c]" started-at="2024-02-08T20:52:16 IST" name="verifyMyStoreLogo" finished-at="2024-02-08T20:52:16 IST" duration-ms="60" status="PASS">
          <reporter-output>
          </reporter-output>
        </test-method> <!-- verifyMyStoreLogo -->
        <test-method signature="verifySignInLink()[pri:1, instance:com.store.testcases.TC_HomePageTest@7e6f74c]" started-at="2024-02-08T20:52:16 IST" name="verifySignInLink" finished-at="2024-02-08T20:52:16 IST" duration-ms="24" status="PASS">
          <reporter-output>
          </reporter-output>
        </test-method> <!-- verifySignInLink -->
        <test-method signature="verifySearchTextField()[pri:2, instance:com.store.testcases.TC_HomePageTest@7e6f74c]" started-at="2024-02-08T20:52:16 IST" name="verifySearchTextField" finished-at="2024-02-08T20:52:16 IST" duration-ms="18" status="PASS">
          <reporter-output>
          </reporter-output>
        </test-method> <!-- verifySearchTextField -->
        <test-method signature="verifyWomensLink()[pri:3, instance:com.store.testcases.TC_HomePageTest@7e6f74c]" started-at="2024-02-08T20:52:16 IST" name="verifyWomensLink" finished-at="2024-02-08T20:52:17 IST" duration-ms="19" status="PASS">
          <reporter-output>
          </reporter-output>
        </test-method> <!-- verifyWomensLink -->
        <test-method signature="clickOnSignInLink()[pri:4, instance:com.store.testcases.TC_HomePageTest@7e6f74c]" started-at="2024-02-08T20:52:17 IST" name="clickOnSignInLink" finished-at="2024-02-08T20:52:18 IST" duration-ms="1046" status="PASS">
          <reporter-output>
          </reporter-output>
        </test-method> <!-- clickOnSignInLink -->
      </class> <!-- com.store.testcases.TC_HomePageTest -->
      <class name="com.store.testcases.TC_MyAccountPageTest">
        <test-method signature="verifyWomenLink()[pri:1, instance:com.store.testcases.TC_MyAccountPageTest@139982de]" started-at="2024-02-08T20:52:20 IST" name="verifyWomenLink" finished-at="2024-02-08T20:52:22 IST" duration-ms="2189" status="PASS">
          <reporter-output>
          </reporter-output>
        </test-method> <!-- verifyWomenLink -->
      </class> <!-- com.store.testcases.TC_MyAccountPageTest -->
      <class name="com.store.testcases.TC_WomenPageTest">
        <test-method signature="verifyWomenPageTitle()[pri:1, instance:com.store.testcases.TC_WomenPageTest@682b2fa]" started-at="2024-02-08T20:52:22 IST" name="verifyWomenPageTitle" finished-at="2024-02-08T20:52:22 IST" duration-ms="6" status="PASS">
          <reporter-output>
          </reporter-output>
        </test-method> <!-- verifyWomenPageTitle -->
        <test-method signature="verifyFadedShortSleeveTShirt()[pri:2, instance:com.store.testcases.TC_WomenPageTest@682b2fa]" started-at="2024-02-08T20:52:22 IST" name="verifyFadedShortSleeveTShirt" finished-at="2024-02-08T20:52:22 IST" duration-ms="26" status="PASS">
          <reporter-output>
          </reporter-output>
        </test-method> <!-- verifyFadedShortSleeveTShirt -->
        <test-method signature="clickOnFadedShortSleeveTShirt()[pri:3, instance:com.store.testcases.TC_WomenPageTest@682b2fa]" started-at="2024-02-08T20:52:22 IST" name="clickOnFadedShortSleeveTShirt" finished-at="2024-02-08T20:52:23 IST" duration-ms="1499" status="PASS">
          <reporter-output>
          </reporter-output>
        </test-method> <!-- clickOnFadedShortSleeveTShirt -->
      </class> <!-- com.store.testcases.TC_WomenPageTest -->
      <class name="com.store.testcases.TC_LoginPageTest">
        <test-method signature="verifyLoginWithValidCredentials()[pri:0, instance:com.store.testcases.TC_LoginPageTest@385c9627]" started-at="2024-02-08T20:52:18 IST" name="verifyLoginWithValidCredentials" finished-at="2024-02-08T20:52:20 IST" duration-ms="2175" status="PASS">
          <reporter-output>
          </reporter-output>
        </test-method> <!-- verifyLoginWithValidCredentials -->
      </class> <!-- com.store.testcases.TC_LoginPageTest -->
      <class name="com.store.testcases.TC_FadedShortSleeveProductPageTest">
        <test-method signature="getPageTitle()[pri:1, instance:com.store.testcases.TC_FadedShortSleeveProductPageTest@217ed35e]" started-at="2024-02-08T20:52:23 IST" name="getPageTitle" finished-at="2024-02-08T20:52:23 IST" duration-ms="21" status="PASS">
          <reporter-output>
          </reporter-output>
        </test-method> <!-- getPageTitle -->
      </class> <!-- com.store.testcases.TC_FadedShortSleeveProductPageTest -->
    </test> <!-- Test -->
  </suite> <!-- Suite -->
</testng-results>
