<?xml version="1.0" encoding="UTF-8"?>
<testng-results ignored="0" total="5" passed="5" failed="0" skipped="0">
  <reporter-output>
  </reporter-output>
  <suite started-at="2024-02-08T12:43:12 IST" name="Suite" finished-at="2024-02-08T12:43:19 IST" duration-ms="6666">
    <groups>
    </groups>
    <test started-at="2024-02-08T12:43:12 IST" name="Test" finished-at="2024-02-08T12:43:19 IST" duration-ms="6666">
      <class name="com.store.testcases.TC_HomePageTest">
        <test-method is-config="true" signature="setup()[pri:0, instance:com.store.testcases.TC_HomePageTest@22ff4249]" started-at="2024-02-08T12:43:13 IST" name="setup" finished-at="2024-02-08T12:43:18 IST" duration-ms="5172" status="PASS">
          <reporter-output>
          </reporter-output>
        </test-method> <!-- setup -->
        <test-method signature="verifyMyStoreLogo()[pri:0, instance:com.store.testcases.TC_HomePageTest@22ff4249]" started-at="2024-02-08T12:43:18 IST" name="verifyMyStoreLogo" finished-at="2024-02-08T12:43:18 IST" duration-ms="62" status="PASS">
          <reporter-output>
          </reporter-output>
        </test-method> <!-- verifyMyStoreLogo -->
        <test-method signature="verifySignInLink()[pri:1, instance:com.store.testcases.TC_HomePageTest@22ff4249]" started-at="2024-02-08T12:43:18 IST" name="verifySignInLink" finished-at="2024-02-08T12:43:18 IST" duration-ms="30" status="PASS">
          <reporter-output>
          </reporter-output>
        </test-method> <!-- verifySignInLink -->
        <test-method signature="verifySearchTextField()[pri:2, instance:com.store.testcases.TC_HomePageTest@22ff4249]" started-at="2024-02-08T12:43:18 IST" name="verifySearchTextField" finished-at="2024-02-08T12:43:18 IST" duration-ms="29" status="PASS">
          <reporter-output>
          </reporter-output>
        </test-method> <!-- verifySearchTextField -->
        <test-method signature="verifyWomensLink()[pri:3, instance:com.store.testcases.TC_HomePageTest@22ff4249]" started-at="2024-02-08T12:43:18 IST" name="verifyWomensLink" finished-at="2024-02-08T12:43:18 IST" duration-ms="23" status="PASS">
          <reporter-output>
          </reporter-output>
        </test-method> <!-- verifyWomensLink -->
        <test-method signature="clickOnSignInLink()[pri:4, instance:com.store.testcases.TC_HomePageTest@22ff4249]" started-at="2024-02-08T12:43:18 IST" name="clickOnSignInLink" finished-at="2024-02-08T12:43:19 IST" duration-ms="893" status="PASS">
          <reporter-output>
          </reporter-output>
        </test-method> <!-- clickOnSignInLink -->
        <test-method is-config="true" signature="teardown()[pri:0, instance:com.store.testcases.TC_HomePageTest@22ff4249]" started-at="2024-02-08T12:43:19 IST" name="teardown" finished-at="2024-02-08T12:43:19 IST" duration-ms="259" status="PASS">
          <reporter-output>
          </reporter-output>
        </test-method> <!-- teardown -->
      </class> <!-- com.store.testcases.TC_HomePageTest -->
    </test> <!-- Test -->
  </suite> <!-- Suite -->
</testng-results>
